<?xml version="1.0" encoding="UTF-8"?>
<beans xmlns="http://www.springframework.org/schema/beans"
	xmlns:xsi="http://www.w3.org/2001/XMLSchema-instance"
	xmlns:context="http://www.springframework.org/schema/context"
	xmlns:compass="http://www.compass-project.org/schema/spring-core-config"
	xmlns:security="http://www.springframework.org/schema/security"
	xsi:schemaLocation="http://www.springframework.org/schema/beans http://www.springframework.org/schema/beans/spring-beans.xsd
		http://www.springframework.org/schema/context http://www.springframework.org/schema/context/spring-context-3.1.xsd">

  	<context:annotation-config />
	<context:component-scan base-package="net.unibld.core,#plugin.packagePath#" />
	
	
	<context:property-placeholder location="classpath:config/#plugin.simpleNameOrName#-test.properties"/>
 	
 	<bean id="credentialStoreFactory" class="net.unibld.core.test.TestCredentialStoreFactory"/>

	<import resource="jpa-context.xml" />
</beans>

